<?xml version="1.0" encoding="UTF-8"?>
<!-- Generated by org.testng.reporters.JUnitXMLReporter -->
<testsuite ignored="0" hostname="DESKTOP-36BV2CH" failures="0" tests="3" name="Automation Practice" time="58.862" errors="0" timestamp="2026-05-05T09:26:36 IST">
  <testcase classname="com.jatin.tests.MyFirstTest" name="demoTest" time="0.009"/>
  <testcase classname="com.jatin.tests.ECommerceTest" name="testAmazon" time="55.82"/>
  <testcase classname="com.jatin.tests.LoginTest" name="googleSearchValidation" time="0.442"/>
</testsuite> <!-- Automation Practice -->
