<?xml version="1.0" encoding="UTF-8"?>
<!-- Generated by org.testng.reporters.JUnitXMLReporter -->
<testsuite ignored="0" hostname="DESKTOP-36BV2CH" failures="0" tests="3" name="Automation Practice" time="9.773" errors="0" timestamp="2026-05-04T15:53:22 IST">
  <testcase classname="com.jatin.tests.MyFirstTest" name="demoTest" time="0.005"/>
  <testcase classname="com.jatin.tests.ECommerceTest" name="testAmazon" time="8.054"/>
  <testcase classname="com.jatin.tests.LoginTest" name="googleSearchValidation" time="0.288"/>
</testsuite> <!-- Automation Practice -->
