<?xml version="1.0" encoding="UTF-8"?>
<testng-results ignored="0" total="1" passed="1" failed="0" skipped="0">
  <reporter-output>
  </reporter-output>
  <suite started-at="2026-05-04T09:38:49 IST" name="Default suite" finished-at="2026-05-04T09:39:25 IST" duration-ms="36166">
    <groups>
    </groups>
    <test started-at="2026-05-04T09:38:49 IST" name="Default test" finished-at="2026-05-04T09:39:25 IST" duration-ms="36166">
      <class name="com.BookFlight.testcases.TestCases">
        <test-method is-config="true" signature="launchChromeBrowser()[pri:0, instance:com.BookFlight.testcases.TestCases@20deea7f]" started-at="2026-05-04T09:38:49 IST" name="launchChromeBrowser" finished-at="2026-05-04T09:38:54 IST" duration-ms="5044" status="PASS">
          <reporter-output>
          </reporter-output>
        </test-method> <!-- launchChromeBrowser -->
        <test-method signature="searchFlightTickets()[pri:0, instance:com.BookFlight.testcases.TestCases@20deea7f]" started-at="2026-05-04T09:38:54 IST" name="searchFlightTickets" finished-at="2026-05-04T09:39:25 IST" duration-ms="31054" status="PASS">
          <reporter-output>
          </reporter-output>
        </test-method> <!-- searchFlightTickets -->
        <test-method is-config="true" signature="closeBrowser()[pri:0, instance:com.BookFlight.testcases.TestCases@20deea7f]" started-at="2026-05-04T09:39:25 IST" name="closeBrowser" finished-at="2026-05-04T09:39:25 IST" duration-ms="2" status="PASS">
          <reporter-output>
          </reporter-output>
        </test-method> <!-- closeBrowser -->
      </class> <!-- com.BookFlight.testcases.TestCases -->
    </test> <!-- Default test -->
  </suite> <!-- Default suite -->
</testng-results>
