<?xml version="1.0" encoding="UTF-8"?>
<!-- Generated by org.testng.reporters.JUnitReportReporter -->
<testsuite hostname="DESKTOP-36BV2CH" failures="0" tests="2" name="com.tests.automation.LoginTest" time="0.022" errors="0" timestamp="2026-05-03T16:50:57 IST" skipped="0">
  <testcase classname="com.tests.automation.LoginTest" name="titleCheckTest" time="0.010"/>
  <testcase classname="com.tests.automation.LoginTest" name="validLoginTest" time="0.012"/>
</testsuite> <!-- com.tests.automation.LoginTest -->
